<?xml version="1.0" encoding="UTF-8"?>
<!-- Generated by org.testng.reporters.JUnitReportReporter -->
<testsuite skipped="0" hostname="DLLA43P3273" name="selenium.com.Tatoc" tests="5" failures="0" timestamp="10 Nov 2020 13:48:59 GMT" time="40.757" errors="0">
  <testcase name="lunchUrl" time="12.762" classname="selenium.com.Tatoc"/>
  <testcase name="selectCourse" time="4.883" classname="selenium.com.Tatoc"/>
  <testcase name="gridGate" time="13.219" classname="selenium.com.Tatoc"/>
  <testcase name="frameDungeon" time="7.207" classname="selenium.com.Tatoc"/>
  <testcase name="dragAround" time="2.686" classname="selenium.com.Tatoc"/>
</testsuite> <!-- selenium.com.Tatoc -->
